\BOOKMARK [0][-]{chapter.1}{\376\377\000C\000l\000a\000s\000s\000\040\000I\000n\000d\000e\000x}{}
\BOOKMARK [1][-]{section.1.1}{\376\377\000C\000l\000a\000s\000s\000\040\000L\000i\000s\000t}{chapter.1}
\BOOKMARK [0][-]{chapter.2}{\376\377\000F\000i\000l\000e\000\040\000I\000n\000d\000e\000x}{}
\BOOKMARK [1][-]{section.2.1}{\376\377\000F\000i\000l\000e\000\040\000L\000i\000s\000t}{chapter.2}
\BOOKMARK [0][-]{chapter.3}{\376\377\000C\000l\000a\000s\000s\000\040\000D\000o\000c\000u\000m\000e\000n\000t\000a\000t\000i\000o\000n}{}
\BOOKMARK [1][-]{section.3.1}{\376\377\000A\000c\000c\000o\000u\000n\000t\000\040\000S\000t\000r\000u\000c\000t\000\040\000R\000e\000f\000e\000r\000e\000n\000c\000e}{chapter.3}
\BOOKMARK [2][-]{subsection.3.1.1}{\376\377\000M\000e\000m\000b\000e\000r\000\040\000F\000u\000n\000c\000t\000i\000o\000n\000\040\000D\000o\000c\000u\000m\000e\000n\000t\000a\000t\000i\000o\000n}{section.3.1}
\BOOKMARK [3][-]{subsubsection.3.1.1.1}{\376\377\000g\000e\000t\000K\000e\000y}{subsection.3.1.1}
\BOOKMARK [3][-]{subsubsection.3.1.1.2}{\376\377\000h\000a\000s\000h}{subsection.3.1.1}
\BOOKMARK [2][-]{subsection.3.1.2}{\376\377\000M\000e\000m\000b\000e\000r\000\040\000D\000a\000t\000a\000\040\000D\000o\000c\000u\000m\000e\000n\000t\000a\000t\000i\000o\000n}{section.3.1}
\BOOKMARK [3][-]{subsubsection.3.1.2.1}{\376\377\000a\000c\000c\000t\000N\000u\000m}{subsection.3.1.2}
\BOOKMARK [3][-]{subsubsection.3.1.2.2}{\376\377\000b\000a\000l\000a\000n\000c\000e}{subsection.3.1.2}
\BOOKMARK [1][-]{section.3.2}{\376\377\000A\000c\000c\000o\000u\000n\000t\000R\000e\000c\000o\000r\000d\000\040\000S\000t\000r\000u\000c\000t\000\040\000R\000e\000f\000e\000r\000e\000n\000c\000e}{chapter.3}
\BOOKMARK [2][-]{subsection.3.2.1}{\376\377\000M\000e\000m\000b\000e\000r\000\040\000D\000a\000t\000a\000\040\000D\000o\000c\000u\000m\000e\000n\000t\000a\000t\000i\000o\000n}{section.3.2}
\BOOKMARK [3][-]{subsubsection.3.2.1.1}{\376\377\000a\000c\000c\000t\000I\000D}{subsection.3.2.1}
\BOOKMARK [3][-]{subsubsection.3.2.1.2}{\376\377\000b\000a\000l\000a\000n\000c\000e}{subsection.3.2.1}
\BOOKMARK [3][-]{subsubsection.3.2.1.3}{\376\377\000f\000i\000r\000s\000t\000N\000a\000m\000e}{subsection.3.2.1}
\BOOKMARK [3][-]{subsubsection.3.2.1.4}{\376\377\000l\000a\000s\000t\000N\000a\000m\000e}{subsection.3.2.1}
\BOOKMARK [1][-]{section.3.3}{\376\377\000B\000S\000T\000r\000e\000e\000<\000\040\000D\000a\000t\000a\000T\000y\000p\000e\000,\000\040\000K\000e\000y\000T\000y\000p\000e\000\040\000>\000\040\000C\000l\000a\000s\000s\000\040\000T\000e\000m\000p\000l\000a\000t\000e\000\040\000R\000e\000f\000e\000r\000e\000n\000c\000e}{chapter.3}
\BOOKMARK [2][-]{subsection.3.3.1}{\376\377\000C\000o\000n\000s\000t\000r\000u\000c\000t\000o\000r\000\040\000\046\000\040\000D\000e\000s\000t\000r\000u\000c\000t\000o\000r\000\040\000D\000o\000c\000u\000m\000e\000n\000t\000a\000t\000i\000o\000n}{section.3.3}
\BOOKMARK [3][-]{subsubsection.3.3.1.1}{\376\377\000B\000S\000T\000r\000e\000e}{subsection.3.3.1}
\BOOKMARK [3][-]{subsubsection.3.3.1.2}{\376\377\000B\000S\000T\000r\000e\000e}{subsection.3.3.1}
\BOOKMARK [3][-]{subsubsection.3.3.1.3}{\376\377\000B\000S\000T\000r\000e\000e}{subsection.3.3.1}
\BOOKMARK [2][-]{subsection.3.3.2}{\376\377\000M\000e\000m\000b\000e\000r\000\040\000F\000u\000n\000c\000t\000i\000o\000n\000\040\000D\000o\000c\000u\000m\000e\000n\000t\000a\000t\000i\000o\000n}{section.3.3}
\BOOKMARK [3][-]{subsubsection.3.3.2.1}{\376\377\000a\000s\000s\000i\000g\000n\000m\000e\000n\000t\000H\000e\000l\000p\000e\000r}{subsection.3.3.2}
\BOOKMARK [3][-]{subsubsection.3.3.2.2}{\376\377\000c\000l\000e\000a\000r}{subsection.3.3.2}
\BOOKMARK [3][-]{subsubsection.3.3.2.3}{\376\377\000c\000l\000e\000a\000r\000H\000e\000l\000p\000e\000r}{subsection.3.3.2}
\BOOKMARK [3][-]{subsubsection.3.3.2.4}{\376\377\000c\000o\000u\000n\000t\000H\000e\000l\000p\000e\000r}{subsection.3.3.2}
\BOOKMARK [3][-]{subsubsection.3.3.2.5}{\376\377\000g\000e\000t\000C\000o\000u\000n\000t}{subsection.3.3.2}
\BOOKMARK [3][-]{subsubsection.3.3.2.6}{\376\377\000g\000e\000t\000H\000e\000i\000g\000h\000t}{subsection.3.3.2}
\BOOKMARK [3][-]{subsubsection.3.3.2.7}{\376\377\000h\000e\000i\000g\000h\000t\000H\000e\000l\000p\000e\000r}{subsection.3.3.2}
\BOOKMARK [3][-]{subsubsection.3.3.2.8}{\376\377\000i\000n\000s\000e\000r\000t}{subsection.3.3.2}
\BOOKMARK [3][-]{subsubsection.3.3.2.9}{\376\377\000i\000n\000s\000e\000r\000t\000H\000e\000l\000p\000e\000r}{subsection.3.3.2}
\BOOKMARK [3][-]{subsubsection.3.3.2.10}{\376\377\000i\000s\000E\000m\000p\000t\000y}{subsection.3.3.2}
\BOOKMARK [3][-]{subsubsection.3.3.2.11}{\376\377\000l\000e\000s\000s\000H\000e\000l\000p\000e\000r}{subsection.3.3.2}
\BOOKMARK [3][-]{subsubsection.3.3.2.12}{\376\377\000o\000p\000e\000r\000a\000t\000o\000r\000=}{subsection.3.3.2}
\BOOKMARK [3][-]{subsubsection.3.3.2.13}{\376\377\000r\000e\000m\000o\000v\000e}{subsection.3.3.2}
\BOOKMARK [3][-]{subsubsection.3.3.2.14}{\376\377\000r\000e\000m\000o\000v\000e\000H\000e\000l\000p\000e\000r}{subsection.3.3.2}
\BOOKMARK [3][-]{subsubsection.3.3.2.15}{\376\377\000r\000e\000t\000r\000i\000e\000v\000e}{subsection.3.3.2}
\BOOKMARK [3][-]{subsubsection.3.3.2.16}{\376\377\000r\000e\000t\000r\000i\000e\000v\000e\000H\000e\000l\000p\000e\000r}{subsection.3.3.2}
\BOOKMARK [3][-]{subsubsection.3.3.2.17}{\376\377\000s\000h\000o\000w\000H\000e\000l\000p\000e\000r}{subsection.3.3.2}
\BOOKMARK [3][-]{subsubsection.3.3.2.18}{\376\377\000s\000h\000o\000w\000S\000t\000r\000u\000c\000t\000u\000r\000e}{subsection.3.3.2}
\BOOKMARK [3][-]{subsubsection.3.3.2.19}{\376\377\000w\000r\000i\000t\000e\000H\000e\000l\000p\000e\000r}{subsection.3.3.2}
\BOOKMARK [3][-]{subsubsection.3.3.2.20}{\376\377\000w\000r\000i\000t\000e\000K\000e\000y\000s}{subsection.3.3.2}
\BOOKMARK [3][-]{subsubsection.3.3.2.21}{\376\377\000w\000r\000i\000t\000e\000L\000e\000s\000s\000T\000h\000a\000n}{subsection.3.3.2}
\BOOKMARK [2][-]{subsection.3.3.3}{\376\377\000M\000e\000m\000b\000e\000r\000\040\000D\000a\000t\000a\000\040\000D\000o\000c\000u\000m\000e\000n\000t\000a\000t\000i\000o\000n}{section.3.3}
\BOOKMARK [3][-]{subsubsection.3.3.3.1}{\376\377\000r\000o\000o\000t}{subsection.3.3.3}
\BOOKMARK [1][-]{section.3.4}{\376\377\000B\000S\000T\000r\000e\000e\000<\000\040\000D\000a\000t\000a\000T\000y\000p\000e\000,\000\040\000K\000e\000y\000T\000y\000p\000e\000\040\000>\000:\000:\000B\000S\000T\000r\000e\000e\000N\000o\000d\000e\000\040\000C\000l\000a\000s\000s\000\040\000R\000e\000f\000e\000r\000e\000n\000c\000e}{chapter.3}
\BOOKMARK [2][-]{subsection.3.4.1}{\376\377\000C\000o\000n\000s\000t\000r\000u\000c\000t\000o\000r\000\040\000\046\000\040\000D\000e\000s\000t\000r\000u\000c\000t\000o\000r\000\040\000D\000o\000c\000u\000m\000e\000n\000t\000a\000t\000i\000o\000n}{section.3.4}
\BOOKMARK [3][-]{subsubsection.3.4.1.1}{\376\377\000B\000S\000T\000r\000e\000e\000N\000o\000d\000e}{subsection.3.4.1}
\BOOKMARK [2][-]{subsection.3.4.2}{\376\377\000M\000e\000m\000b\000e\000r\000\040\000D\000a\000t\000a\000\040\000D\000o\000c\000u\000m\000e\000n\000t\000a\000t\000i\000o\000n}{section.3.4}
\BOOKMARK [3][-]{subsubsection.3.4.2.1}{\376\377\000d\000a\000t\000a\000I\000t\000e\000m}{subsection.3.4.2}
\BOOKMARK [3][-]{subsubsection.3.4.2.2}{\376\377\000l\000e\000f\000t}{subsection.3.4.2}
\BOOKMARK [3][-]{subsubsection.3.4.2.3}{\376\377\000r\000i\000g\000h\000t}{subsection.3.4.2}
\BOOKMARK [1][-]{section.3.5}{\376\377\000H\000a\000s\000h\000T\000a\000b\000l\000e\000<\000\040\000D\000a\000t\000a\000T\000y\000p\000e\000,\000\040\000K\000e\000y\000T\000y\000p\000e\000\040\000>\000\040\000C\000l\000a\000s\000s\000\040\000T\000e\000m\000p\000l\000a\000t\000e\000\040\000R\000e\000f\000e\000r\000e\000n\000c\000e}{chapter.3}
\BOOKMARK [2][-]{subsection.3.5.1}{\376\377\000C\000o\000n\000s\000t\000r\000u\000c\000t\000o\000r\000\040\000\046\000\040\000D\000e\000s\000t\000r\000u\000c\000t\000o\000r\000\040\000D\000o\000c\000u\000m\000e\000n\000t\000a\000t\000i\000o\000n}{section.3.5}
\BOOKMARK [3][-]{subsubsection.3.5.1.1}{\376\377\000H\000a\000s\000h\000T\000a\000b\000l\000e}{subsection.3.5.1}
\BOOKMARK [3][-]{subsubsection.3.5.1.2}{\376\377\000H\000a\000s\000h\000T\000a\000b\000l\000e}{subsection.3.5.1}
\BOOKMARK [3][-]{subsubsection.3.5.1.3}{\376\377\000H\000a\000s\000h\000T\000a\000b\000l\000e}{subsection.3.5.1}
\BOOKMARK [2][-]{subsection.3.5.2}{\376\377\000M\000e\000m\000b\000e\000r\000\040\000F\000u\000n\000c\000t\000i\000o\000n\000\040\000D\000o\000c\000u\000m\000e\000n\000t\000a\000t\000i\000o\000n}{section.3.5}
\BOOKMARK [3][-]{subsubsection.3.5.2.1}{\376\377\000c\000l\000e\000a\000r}{subsection.3.5.2}
\BOOKMARK [3][-]{subsubsection.3.5.2.2}{\376\377\000c\000o\000p\000y\000T\000a\000b\000l\000e}{subsection.3.5.2}
\BOOKMARK [3][-]{subsubsection.3.5.2.3}{\376\377\000i\000n\000s\000e\000r\000t}{subsection.3.5.2}
\BOOKMARK [3][-]{subsubsection.3.5.2.4}{\376\377\000i\000s\000E\000m\000p\000t\000y}{subsection.3.5.2}
\BOOKMARK [3][-]{subsubsection.3.5.2.5}{\376\377\000o\000p\000e\000r\000a\000t\000o\000r\000=}{subsection.3.5.2}
\BOOKMARK [3][-]{subsubsection.3.5.2.6}{\376\377\000r\000e\000m\000o\000v\000e}{subsection.3.5.2}
\BOOKMARK [3][-]{subsubsection.3.5.2.7}{\376\377\000r\000e\000t\000r\000i\000e\000v\000e}{subsection.3.5.2}
\BOOKMARK [3][-]{subsubsection.3.5.2.8}{\376\377\000s\000h\000o\000w\000S\000t\000r\000u\000c\000t\000u\000r\000e}{subsection.3.5.2}
\BOOKMARK [3][-]{subsubsection.3.5.2.9}{\376\377\000s\000t\000a\000n\000d\000a\000r\000d\000D\000e\000v\000i\000a\000t\000i\000o\000n}{subsection.3.5.2}
\BOOKMARK [2][-]{subsection.3.5.3}{\376\377\000M\000e\000m\000b\000e\000r\000\040\000D\000a\000t\000a\000\040\000D\000o\000c\000u\000m\000e\000n\000t\000a\000t\000i\000o\000n}{section.3.5}
\BOOKMARK [3][-]{subsubsection.3.5.3.1}{\376\377\000d\000a\000t\000a\000T\000a\000b\000l\000e}{subsection.3.5.3}
\BOOKMARK [3][-]{subsubsection.3.5.3.2}{\376\377\000t\000a\000b\000l\000e\000S\000i\000z\000e}{subsection.3.5.3}
\BOOKMARK [1][-]{section.3.6}{\376\377\000I\000n\000d\000e\000x\000E\000n\000t\000r\000y\000\040\000S\000t\000r\000u\000c\000t\000\040\000R\000e\000f\000e\000r\000e\000n\000c\000e}{chapter.3}
\BOOKMARK [2][-]{subsection.3.6.1}{\376\377\000M\000e\000m\000b\000e\000r\000\040\000F\000u\000n\000c\000t\000i\000o\000n\000\040\000D\000o\000c\000u\000m\000e\000n\000t\000a\000t\000i\000o\000n}{section.3.6}
\BOOKMARK [3][-]{subsubsection.3.6.1.1}{\376\377\000g\000e\000t\000K\000e\000y}{subsection.3.6.1}
\BOOKMARK [3][-]{subsubsection.3.6.1.2}{\376\377\000g\000e\000t\000K\000e\000y}{subsection.3.6.1}
\BOOKMARK [2][-]{subsection.3.6.2}{\376\377\000M\000e\000m\000b\000e\000r\000\040\000D\000a\000t\000a\000\040\000D\000o\000c\000u\000m\000e\000n\000t\000a\000t\000i\000o\000n}{section.3.6}
\BOOKMARK [3][-]{subsubsection.3.6.2.1}{\376\377\000a\000c\000c\000t\000I\000D}{subsection.3.6.2}
\BOOKMARK [3][-]{subsubsection.3.6.2.2}{\376\377\000r\000e\000c\000N\000u\000m}{subsection.3.6.2}
\BOOKMARK [1][-]{section.3.7}{\376\377\000T\000e\000s\000t\000D\000a\000t\000a\000\040\000C\000l\000a\000s\000s\000\040\000R\000e\000f\000e\000r\000e\000n\000c\000e}{chapter.3}
\BOOKMARK [2][-]{subsection.3.7.1}{\376\377\000C\000o\000n\000s\000t\000r\000u\000c\000t\000o\000r\000\040\000\046\000\040\000D\000e\000s\000t\000r\000u\000c\000t\000o\000r\000\040\000D\000o\000c\000u\000m\000e\000n\000t\000a\000t\000i\000o\000n}{section.3.7}
\BOOKMARK [3][-]{subsubsection.3.7.1.1}{\376\377\000T\000e\000s\000t\000D\000a\000t\000a}{subsection.3.7.1}
\BOOKMARK [3][-]{subsubsection.3.7.1.2}{\376\377\000T\000e\000s\000t\000D\000a\000t\000a}{subsection.3.7.1}
\BOOKMARK [2][-]{subsection.3.7.2}{\376\377\000M\000e\000m\000b\000e\000r\000\040\000F\000u\000n\000c\000t\000i\000o\000n\000\040\000D\000o\000c\000u\000m\000e\000n\000t\000a\000t\000i\000o\000n}{section.3.7}
\BOOKMARK [3][-]{subsubsection.3.7.2.1}{\376\377\000g\000e\000t\000K\000e\000y}{subsection.3.7.2}
\BOOKMARK [3][-]{subsubsection.3.7.2.2}{\376\377\000g\000e\000t\000K\000e\000y}{subsection.3.7.2}
\BOOKMARK [3][-]{subsubsection.3.7.2.3}{\376\377\000g\000e\000t\000V\000a\000l\000u\000e}{subsection.3.7.2}
\BOOKMARK [3][-]{subsubsection.3.7.2.4}{\376\377\000h\000a\000s\000h}{subsection.3.7.2}
\BOOKMARK [3][-]{subsubsection.3.7.2.5}{\376\377\000s\000e\000t\000K\000e\000y}{subsection.3.7.2}
\BOOKMARK [3][-]{subsubsection.3.7.2.6}{\376\377\000s\000e\000t\000K\000e\000y}{subsection.3.7.2}
\BOOKMARK [2][-]{subsection.3.7.3}{\376\377\000M\000e\000m\000b\000e\000r\000\040\000D\000a\000t\000a\000\040\000D\000o\000c\000u\000m\000e\000n\000t\000a\000t\000i\000o\000n}{section.3.7}
\BOOKMARK [3][-]{subsubsection.3.7.3.1}{\376\377\000c\000o\000u\000n\000t}{subsection.3.7.3}
\BOOKMARK [3][-]{subsubsection.3.7.3.2}{\376\377\000k\000e\000y}{subsection.3.7.3}
\BOOKMARK [3][-]{subsubsection.3.7.3.3}{\376\377\000k\000e\000y\000F\000i\000e\000l\000d}{subsection.3.7.3}
\BOOKMARK [3][-]{subsubsection.3.7.3.4}{\376\377\000v\000a\000l\000u\000e}{subsection.3.7.3}
\BOOKMARK [1][-]{section.3.8}{\376\377\000U\000s\000e\000r\000\040\000S\000t\000r\000u\000c\000t\000\040\000R\000e\000f\000e\000r\000e\000n\000c\000e}{chapter.3}
\BOOKMARK [2][-]{subsection.3.8.1}{\376\377\000D\000e\000t\000a\000i\000l\000e\000d\000\040\000D\000e\000s\000c\000r\000i\000p\000t\000i\000o\000n}{section.3.8}
\BOOKMARK [2][-]{subsection.3.8.2}{\376\377\000M\000e\000m\000b\000e\000r\000\040\000F\000u\000n\000c\000t\000i\000o\000n\000\040\000D\000o\000c\000u\000m\000e\000n\000t\000a\000t\000i\000o\000n}{section.3.8}
\BOOKMARK [3][-]{subsubsection.3.8.2.1}{\376\377\000g\000e\000t\000K\000e\000y}{subsection.3.8.2}
\BOOKMARK [3][-]{subsubsection.3.8.2.2}{\376\377\000h\000a\000s\000h}{subsection.3.8.2}
\BOOKMARK [3][-]{subsubsection.3.8.2.3}{\376\377\000s\000e\000t\000K\000e\000y}{subsection.3.8.2}
\BOOKMARK [2][-]{subsection.3.8.3}{\376\377\000M\000e\000m\000b\000e\000r\000\040\000D\000a\000t\000a\000\040\000D\000o\000c\000u\000m\000e\000n\000t\000a\000t\000i\000o\000n}{section.3.8}
\BOOKMARK [3][-]{subsubsection.3.8.3.1}{\376\377\000k\000e\000y\000w\000o\000r\000d}{subsection.3.8.3}
\BOOKMARK [3][-]{subsubsection.3.8.3.2}{\376\377\000n\000a\000m\000e}{subsection.3.8.3}
\BOOKMARK [0][-]{chapter.4}{\376\377\000F\000i\000l\000e\000\040\000D\000o\000c\000u\000m\000e\000n\000t\000a\000t\000i\000o\000n}{}
\BOOKMARK [1][-]{section.4.1}{\376\377\000B\000S\000T\000r\000e\000e\000.\000c\000p\000p\000\040\000F\000i\000l\000e\000\040\000R\000e\000f\000e\000r\000e\000n\000c\000e}{chapter.4}
\BOOKMARK [2][-]{subsection.4.1.1}{\376\377\000D\000e\000t\000a\000i\000l\000e\000d\000\040\000D\000e\000s\000c\000r\000i\000p\000t\000i\000o\000n}{section.4.1}
\BOOKMARK [1][-]{section.4.2}{\376\377\000B\000S\000T\000r\000e\000e\000.\000h\000\040\000F\000i\000l\000e\000\040\000R\000e\000f\000e\000r\000e\000n\000c\000e}{chapter.4}
\BOOKMARK [1][-]{section.4.3}{\376\377\000c\000o\000n\000f\000i\000g\000.\000h\000\040\000F\000i\000l\000e\000\040\000R\000e\000f\000e\000r\000e\000n\000c\000e}{chapter.4}
\BOOKMARK [2][-]{subsection.4.3.1}{\376\377\000D\000e\000t\000a\000i\000l\000e\000d\000\040\000D\000e\000s\000c\000r\000i\000p\000t\000i\000o\000n}{section.4.3}
\BOOKMARK [2][-]{subsection.4.3.2}{\376\377\000D\000e\000f\000i\000n\000e\000\040\000D\000o\000c\000u\000m\000e\000n\000t\000a\000t\000i\000o\000n}{section.4.3}
\BOOKMARK [3][-]{subsubsection.4.3.2.1}{\376\377\000L\000A\000B\0009\000\137\000T\000E\000S\000T\0001}{subsection.4.3.2}
\BOOKMARK [3][-]{subsubsection.4.3.2.2}{\376\377\000L\000A\000B\0009\000\137\000T\000E\000S\000T\0002}{subsection.4.3.2}
\BOOKMARK [3][-]{subsubsection.4.3.2.3}{\376\377\000L\000A\000B\0009\000\137\000T\000E\000S\000T\0003}{subsection.4.3.2}
\BOOKMARK [1][-]{section.4.4}{\376\377\000d\000a\000t\000a\000b\000a\000s\000e\000.\000c\000p\000p\000\040\000F\000i\000l\000e\000\040\000R\000e\000f\000e\000r\000e\000n\000c\000e}{chapter.4}
\BOOKMARK [2][-]{subsection.4.4.1}{\376\377\000D\000e\000t\000a\000i\000l\000e\000d\000\040\000D\000e\000s\000c\000r\000i\000p\000t\000i\000o\000n}{section.4.4}
\BOOKMARK [2][-]{subsection.4.4.2}{\376\377\000F\000u\000n\000c\000t\000i\000o\000n\000\040\000D\000o\000c\000u\000m\000e\000n\000t\000a\000t\000i\000o\000n}{section.4.4}
\BOOKMARK [3][-]{subsubsection.4.4.2.1}{\376\377\000m\000a\000i\000n}{subsection.4.4.2}
\BOOKMARK [2][-]{subsection.4.4.3}{\376\377\000V\000a\000r\000i\000a\000b\000l\000e\000\040\000D\000o\000c\000u\000m\000e\000n\000t\000a\000t\000i\000o\000n}{section.4.4}
\BOOKMARK [3][-]{subsubsection.4.4.3.1}{\376\377\000b\000y\000t\000e\000s\000P\000e\000r\000R\000e\000c\000o\000r\000d}{subsection.4.4.3}
\BOOKMARK [3][-]{subsubsection.4.4.3.2}{\376\377\000n\000a\000m\000e\000L\000e\000n\000g\000t\000h}{subsection.4.4.3}
\BOOKMARK [1][-]{section.4.5}{\376\377\000d\000a\000t\000a\000b\000a\000s\000e\000.\000c\000s\000\040\000F\000i\000l\000e\000\040\000R\000e\000f\000e\000r\000e\000n\000c\000e}{chapter.4}
\BOOKMARK [2][-]{subsection.4.5.1}{\376\377\000F\000u\000n\000c\000t\000i\000o\000n\000\040\000D\000o\000c\000u\000m\000e\000n\000t\000a\000t\000i\000o\000n}{section.4.5}
\BOOKMARK [3][-]{subsubsection.4.5.1.1}{\376\377\000m\000a\000i\000n}{subsection.4.5.1}
\BOOKMARK [2][-]{subsection.4.5.2}{\376\377\000V\000a\000r\000i\000a\000b\000l\000e\000\040\000D\000o\000c\000u\000m\000e\000n\000t\000a\000t\000i\000o\000n}{section.4.5}
\BOOKMARK [3][-]{subsubsection.4.5.2.1}{\376\377\000b\000y\000t\000e\000s\000P\000e\000r\000R\000e\000c\000o\000r\000d}{subsection.4.5.2}
\BOOKMARK [3][-]{subsubsection.4.5.2.2}{\376\377\000n\000a\000m\000e\000L\000e\000n\000g\000t\000h}{subsection.4.5.2}
\BOOKMARK [1][-]{section.4.6}{\376\377\000e\000x\000a\000m\000p\000l\000e\0001\000.\000c\000p\000p\000\040\000F\000i\000l\000e\000\040\000R\000e\000f\000e\000r\000e\000n\000c\000e}{chapter.4}
\BOOKMARK [2][-]{subsection.4.6.1}{\376\377\000F\000u\000n\000c\000t\000i\000o\000n\000\040\000D\000o\000c\000u\000m\000e\000n\000t\000a\000t\000i\000o\000n}{section.4.6}
\BOOKMARK [3][-]{subsubsection.4.6.1.1}{\376\377\000m\000a\000i\000n}{subsection.4.6.1}
\BOOKMARK [1][-]{section.4.7}{\376\377\000H\000a\000s\000h\000T\000a\000b\000l\000e\000.\000c\000p\000p\000\040\000F\000i\000l\000e\000\040\000R\000e\000f\000e\000r\000e\000n\000c\000e}{chapter.4}
\BOOKMARK [2][-]{subsection.4.7.1}{\376\377\000D\000e\000t\000a\000i\000l\000e\000d\000\040\000D\000e\000s\000c\000r\000i\000p\000t\000i\000o\000n}{section.4.7}
\BOOKMARK [1][-]{section.4.8}{\376\377\000H\000a\000s\000h\000T\000a\000b\000l\000e\000.\000h\000\040\000F\000i\000l\000e\000\040\000R\000e\000f\000e\000r\000e\000n\000c\000e}{chapter.4}
\BOOKMARK [1][-]{section.4.9}{\376\377\000l\000o\000g\000i\000n\000.\000c\000p\000p\000\040\000F\000i\000l\000e\000\040\000R\000e\000f\000e\000r\000e\000n\000c\000e}{chapter.4}
\BOOKMARK [2][-]{subsection.4.9.1}{\376\377\000F\000u\000n\000c\000t\000i\000o\000n\000\040\000D\000o\000c\000u\000m\000e\000n\000t\000a\000t\000i\000o\000n}{section.4.9}
\BOOKMARK [3][-]{subsubsection.4.9.1.1}{\376\377\000m\000a\000i\000n}{subsection.4.9.1}
\BOOKMARK [1][-]{section.4.10}{\376\377\000s\000h\000o\000w\0001\0000\000.\000c\000p\000p\000\040\000F\000i\000l\000e\000\040\000R\000e\000f\000e\000r\000e\000n\000c\000e}{chapter.4}
\BOOKMARK [1][-]{section.4.11}{\376\377\000s\000h\000o\000w\0009\000.\000c\000p\000p\000\040\000F\000i\000l\000e\000\040\000R\000e\000f\000e\000r\000e\000n\000c\000e}{chapter.4}
\BOOKMARK [1][-]{section.4.12}{\376\377\000t\000e\000s\000t\0001\0000\000.\000c\000p\000p\000\040\000F\000i\000l\000e\000\040\000R\000e\000f\000e\000r\000e\000n\000c\000e}{chapter.4}
\BOOKMARK [2][-]{subsection.4.12.1}{\376\377\000F\000u\000n\000c\000t\000i\000o\000n\000\040\000D\000o\000c\000u\000m\000e\000n\000t\000a\000t\000i\000o\000n}{section.4.12}
\BOOKMARK [3][-]{subsubsection.4.12.1.1}{\376\377\000m\000a\000i\000n}{subsection.4.12.1}
\BOOKMARK [3][-]{subsubsection.4.12.1.2}{\376\377\000p\000r\000i\000n\000t\000\137\000h\000e\000l\000p}{subsection.4.12.1}
\BOOKMARK [1][-]{section.4.13}{\376\377\000t\000e\000s\000t\0009\000.\000c\000p\000p\000\040\000F\000i\000l\000e\000\040\000R\000e\000f\000e\000r\000e\000n\000c\000e}{chapter.4}
\BOOKMARK [2][-]{subsection.4.13.1}{\376\377\000F\000u\000n\000c\000t\000i\000o\000n\000\040\000D\000o\000c\000u\000m\000e\000n\000t\000a\000t\000i\000o\000n}{section.4.13}
\BOOKMARK [3][-]{subsubsection.4.13.1.1}{\376\377\000m\000a\000i\000n}{subsection.4.13.1}
\BOOKMARK [3][-]{subsubsection.4.13.1.2}{\376\377\000p\000r\000i\000n\000t\000\137\000h\000e\000l\000p}{subsection.4.13.1}
